<?xml version="1.0" encoding="UTF-8"?>
<beans xmlns="http://www.springframework.org/schema/beans"
xmlns:xsi="http://www.w3.org/2001/XMLSchema-instance"
    xmlns:p="http://www.springframework.org/schema/p"
    xmlns:context="http://www.springframework.org/schema/context"
    xmlns:tx="http://www.springframework.org/schema/tx"
    xsi:schemaLocation="http://www.springframework.org/schema/beans http://www.springframework.org/schema/beans/spring-beans-3.0.xsd
    http://www.springframework.org/schema/context http://www.springframework.org/schema/context/spring-context-3.0.xsd
    http://www.springframework.org/schema/tx http://www.springframework.org/schema/tx/spring-tx-3.0.xsd">
    
    <bean id="propertyConfigurer" class="org.springframework.beans.factory.config.PropertyPlaceholderConfigurer"
        p:location="classpath:jdbc.properties" />
    
    <bean id="tttDataSource" class="org.springframework.jdbc.datasource.DriverManagerDataSource">
        <property name="driverClassName" value="com.mysql.jdbc.Driver"/>
        <property name="url" value="jdbc:mysql://localhost:3306/task_time_tracker"/>
        <property name="username" value="root"/>
        <property name="password" value="adminadmin"/>
    </bean>
    
    <bean id="loadTimeWeaver" class="org.springframework.instrument.classloading.InstrumentationLoadTimeWeaver" />
    
    <bean id="jpaVendorAdapter" class="org.springframework.orm.jpa.vendor.EclipseLinkJpaVendorAdapter"
        p:showSql="true"
        p:databasePlatform="org.eclipse.persistence.platform.database.MySQLPlatform" />

    <bean id="entityManagerFactory" class="org.springframework.orm.jpa.LocalContainerEntityManagerFactoryBean"
        p:dataSource-ref="tttDataSource"
        p:jpaVendorAdapter-ref="jpaVendorAdapter"
        p:persistenceXmlLocation="classpath:test-persistence.xml"/>
    
    <!-- Transaction manager for a single JPA EntityManagerFactory(alternative to JTA) -->
    <bean id="transactionManager" class="org.springframework.orm.jpa.JpaTransactionManager"
        p:dataSource-ref="tttDataSource"
        p:entityManagerFactory-ref="entityManagerFactory"/>
    
    <!-- checks for annotated configured beans -->
    <context:annotation-config/>
    
   <!-- <bean id="companyDaoImpl" class="com.gieman.tttracker.dao.CompanyDaoImpl"/> 
        <bean id="companyDao" class="com.gieman.tttracker.dao.CompanyDao"/>-->

    <!-- Scan for Repository/Service annotations -->
    <context:component-scan base-package="com.gieman.tttracker.dao" />
    
    
    
    <!-- enable the configuration of transactional behavior based on annotations -->
    <tx:annotation-driven />
    </beans>